2024-03-15T07:23:17.799056-0600 - __main__-   WriteHeader -507- INFO    - 3
2024-03-15T07:23:17.799436-0600 - __main__-   WriteHeader -509- WARNING    -  we have python 3
2024-03-15T07:23:17.799527-0600 - __main__-   WriteHeader -527- INFO    - ****************************************************************** 

2024-03-15T07:23:17.799597-0600 - __main__-   WriteHeader -528- INFO    - * hello this is the LCWA speedtest version9.02.02
2024-03-15T07:23:17.799672-0600 - __main__-   WriteHeader -529- INFO    - * Written by Andi Klein using the CLI from speedtest
2024-03-15T07:23:17.799732-0600 - __main__-   WriteHeader -530- INFO    - * Run date 2024-03-15 07:23:17.799518
2024-03-15T07:23:17.899888-0600 - __main__-   WriteHeader -531- INFO    - * Running from 63.233.221.150
2024-03-15T07:23:17.900428-0600 - __main__-   WriteHeader -534- INFO    - ****************************************************************** 

2024-03-15T07:23:17.900534-0600 - __main__-   Progress -545- INFO    - version 2.02    trying to catch the random bad data sent by the CLI
2024-03-15T07:23:17.900600-0600 - __main__-   Progress -546- INFO    - version 2.03   fixed conversion problem for N/A
2024-03-15T07:23:17.900654-0600 - __main__-   Progress -547- INFO    - version 2.03.1   fixed rasp problem wit -L and -V
2024-03-15T07:23:17.900705-0600 - __main__-   Progress -548- INFO    - version 3.01.0  connect to dropbox and store file every 50 entries
2024-03-15T07:23:17.900756-0600 - __main__-   Progress -549- INFO    - version 3.01.1  added header line to output
2024-03-15T07:23:17.900800-0600 - __main__-   Progress -550- INFO    - version 3.02.0    made cybermesa default server unless requested 
2024-03-15T07:23:17.900843-0600 - __main__-   Progress -551- INFO    - version 3.02.01                     at midnight we open a new file
2024-03-15T07:23:17.900889-0600 - __main__-   Progress -552- INFO    - version 3.02.1 logger.info some info on dropbox
2024-03-15T07:23:17.900933-0600 - __main__-   Progress -553- INFO    - version 3.02.2 write dropbox file around the half hour mark
2024-03-15T07:23:17.900976-0600 - __main__-   Progress -554- INFO    - Version 3.02.3   Included a header which is needed for the raspberry pi to start test_speed1 at boot
2024-03-15T07:23:17.901020-0600 - __main__-   Progress -555- INFO    - Version 3.02.4   gives an acoustic signal at startup
2024-03-15T07:23:17.901063-0600 - __main__-   Progress -556- INFO    - Version 3.03.0   added a Debug switch
2024-03-15T07:23:17.901106-0600 - __main__-   Progress -557- INFO    - Version 3.04.0  get host name and add it to the filename
2024-03-15T07:23:17.901149-0600 - __main__-   Progress -558- INFO    - Version 4.00.0  runs on python3 now
2024-03-15T07:23:17.901191-0600 - __main__-   Progress -559- INFO    - Version 5.00.0  automatically does plots and ships them to dropbox
2024-03-15T07:23:17.901232-0600 - __main__-   Progress -560- INFO    - Version 5.01.0  new dropbox configuration
2024-03-15T07:23:17.901274-0600 - __main__-   Progress -561- INFO    - Version 5.01.1  added lookup of ip address
2024-03-15T07:23:17.901316-0600 - __main__-   Progress -562- INFO    - Version 5.01.2  stop at 23:45 to 24:00, flush data and exit
2024-03-15T07:23:17.901358-0600 - __main__-   Progress -563- INFO    - Version 5.01.3  Create textfile with important values
2024-03-15T07:23:17.901402-0600 - __main__-   Progress -564- INFO    - Version 5.01.4  test of distro
2024-03-15T07:23:17.901445-0600 - __main__-   Progress -565- INFO    - Version 5.01.5  timestamp in log file
2024-03-15T07:23:17.901486-0600 - __main__-   Progress -566- INFO    - Version 5.01.6  added close_fds=True to popen
2024-03-15T07:23:17.901529-0600 - __main__-   Progress -567- INFO    - Version 5.01.7  added using timeout command
2024-03-15T07:23:17.901572-0600 - __main__-   Progress -568- INFO    - Version 5.01.8  better error message
2024-03-15T07:23:17.901617-0600 - __main__-   Progress -569- INFO    - Version 5.01.9  date and time output
2024-03-15T07:23:17.901662-0600 - __main__-   Progress -570- INFO    - Version 5.01.10  catching network problems
2024-03-15T07:23:17.901719-0600 - __main__-   Progress -571- INFO    - Version 5.01.11  force LC12 to connect to NMSURF, done in the arg parse section
2024-03-15T07:23:17.901761-0600 - __main__-   Progress -572- INFO    - Version 5.01.12  force LC24 to connect to NMSURF, done in the arg parse section
2024-03-15T07:23:17.901801-0600 - __main__-   Progress -573- INFO    - Version 6.00.01  now with latency measurement to currently cybermese
2024-03-15T07:23:17.901847-0600 - __main__-   Progress -574- INFO    - Version 6.00.02  minor change in PlotCalss do do the scaling on the single pdf files better
2024-03-15T07:23:17.901889-0600 - __main__-   Progress -575- INFO    - Version 7.00.01  major upgrade , replace speetetst with iperf
2024-03-15T07:23:17.901929-0600 - __main__-   Progress -576- INFO    - Version 7.01.02  added config file
2024-03-15T07:23:17.901970-0600 - __main__-   Progress -577- INFO    - Version 7.01.03  added Gordon wish for /etc location for config file
2024-03-15T07:23:17.902010-0600 - __main__-   Progress -578- INFO    - Version 7.01.04  Revamped command line and arparse section
2024-03-15T07:23:17.902050-0600 - __main__-   Progress -579- INFO    - Version 7.01.05  added a call to ntp server, start of syncing the speedboxes
2024-03-15T07:23:17.902092-0600 - __main__-   Progress -580- INFO    - Version 7.01.06  add a line to txt file to write runmode
2024-03-15T07:23:17.902135-0600 - __main__-   Progress -581- INFO    - Version 7.02.01  modfy code such that it now reads in a second file to determine what host is running what 
2024-03-15T07:23:17.902192-0600 - __main__-   Progress -582- INFO    - Version 8.01.01  Code which allow you to switch between speedtest and iperf either pretermined or random 
2024-03-15T07:23:17.902234-0600 - __main__-   Progress -583- INFO    - Version 8.01.02  replace server name with speedtest in output csv file 
2024-03-15T07:23:17.902276-0600 - __main__-   Progress -585- INFO    - Version 8.02.01  now better reflection on what is going on with iperf, and new more granular config file treatment 
2024-03-15T07:23:17.902318-0600 - __main__-   Progress -586- INFO    - Version 8.02.02  with Gordon time mods 
2024-03-15T07:23:17.902359-0600 - __main__-   Progress -587- INFO    - Version 8.02.03  added an try clause in create iperf output to catch connection problems
2024-03-15T07:23:17.902400-0600 - __main__-   Progress -588- INFO    - Version 9.00.01  new dropbox
2024-03-15T07:23:17.902440-0600 - __main__-   Progress -589- INFO    - Version 9.01.00  Version with logger
2024-03-15T07:23:17.902481-0600 - __main__-   Progress -590- INFO    - Version 9.01.01  choose new server according to list if problems
2024-03-15T07:23:17.902521-0600 - __main__-   Progress -591- INFO    - Version 9.02.01  cleanup logfiles and datadirectory
2024-03-15T07:23:17.902562-0600 - __main__-   Progress -592- INFO    - Version 9.02.02  changed to loguru
2024-03-15T07:23:17.902836-0600 - __main__-   CleanUp -361- INFO    - removing files in /Users/klein/git/speedtest/log/
2024-03-15T07:23:17.903127-0600 - __main__-   CleanUp -366- INFO    - removing files in /Users/klein/speedfiles/
2024-03-15T07:23:17.904591-0600 - __main__-   ConnectDropBox -439- INFO    - new system
2024-03-15T07:23:17.905591-0600 - __main__-   ConnectDropBox -472- INFO    - self.dbx = <dropbox.dropbox_client.Dropbox object at 0x163f66b90>
2024-03-15T07:23:18.688878-0600 - __main__-   ConnectDropBox -483- INFO    - ***************************dropbox*******************



2024-03-15T07:23:18.689378-0600 - __main__-   ConnectDropBox -485- INFO    - Tech Group LCWA
2024-03-15T07:23:18.689465-0600 - __main__-   ConnectDropBox -487- INFO    - tech.admin@lcwireless.net


2024-03-15T07:23:18.689533-0600 - __main__-   ConnectDropBox -488- INFO    - ***************************dropbox*******************

2024-03-15T07:23:18.689689-0600 - __main__-   ConnectDropBox -439- INFO    - new system
2024-03-15T07:23:18.693506-0600 - __main__-   ConnectDropBox -472- INFO    - self.dbx = <dropbox.dropbox_client.Dropbox object at 0x1134af090>
2024-03-15T07:23:19.375543-0600 - __main__-   ConnectDropBox -483- INFO    - ***************************dropbox*******************



2024-03-15T07:23:19.376111-0600 - __main__-   ConnectDropBox -485- INFO    - Tech Group LCWA
2024-03-15T07:23:19.376287-0600 - __main__-   ConnectDropBox -487- INFO    - tech.admin@lcwireless.net


2024-03-15T07:23:19.376414-0600 - __main__-   ConnectDropBox -488- INFO    - ***************************dropbox*******************

2024-03-15T07:23:19.376729-0600 - __main__-   GetArguments -822- INFO    - Speedtest command     == ['/usr/local/bin/speedtest', '--progress=no', '-f', 'csv', '-s', '1773', '--format=json-pretty']
2024-03-15T07:23:19.376909-0600 - __main__-   QueueStartupWaitTime -162- INFO    - Jumping startup wait queue..
2024-03-15T07:23:19.377196-0600 - __main__-   SetDropDir -1565- INFO    - /LCWA/ROTW/
2024-03-15T07:23:19.484655-0600 - __main__-   Run -1147- INFO    - Beginning test ['/usr/local/bin/speedtest', '--progress=no', '-f', 'csv', '-s', '1773', '--format=json-pretty']
2024-03-15T07:23:47.334814-0600 - __main__-   CreateOutputJson -1395- WARNING    - Packetloss not available on this server
2024-03-15T07:23:59.164714-0600 - __main__-   WriteHeader -507- INFO    - 3
2024-03-15T07:23:59.164982-0600 - __main__-   WriteHeader -509- WARNING    -  we have python 3
2024-03-15T07:23:59.165064-0600 - __main__-   WriteHeader -527- INFO    - ****************************************************************** 

2024-03-15T07:23:59.165131-0600 - __main__-   WriteHeader -528- INFO    - * hello this is the LCWA speedtest version9.02.02
2024-03-15T07:23:59.165199-0600 - __main__-   WriteHeader -529- INFO    - * Written by Andi Klein using the CLI from speedtest
2024-03-15T07:23:59.165255-0600 - __main__-   WriteHeader -530- INFO    - * Run date 2024-03-15 07:23:59.165055
2024-03-15T07:23:59.248718-0600 - __main__-   WriteHeader -531- INFO    - * Running from 63.233.221.150
2024-03-15T07:23:59.249157-0600 - __main__-   WriteHeader -534- INFO    - ****************************************************************** 

2024-03-15T07:23:59.249267-0600 - __main__-   Progress -545- INFO    - version 2.02    trying to catch the random bad data sent by the CLI
2024-03-15T07:23:59.249328-0600 - __main__-   Progress -546- INFO    - version 2.03   fixed conversion problem for N/A
2024-03-15T07:23:59.249380-0600 - __main__-   Progress -547- INFO    - version 2.03.1   fixed rasp problem wit -L and -V
2024-03-15T07:23:59.249439-0600 - __main__-   Progress -548- INFO    - version 3.01.0  connect to dropbox and store file every 50 entries
2024-03-15T07:23:59.249488-0600 - __main__-   Progress -549- INFO    - version 3.01.1  added header line to output
2024-03-15T07:23:59.249533-0600 - __main__-   Progress -550- INFO    - version 3.02.0    made cybermesa default server unless requested 
2024-03-15T07:23:59.249580-0600 - __main__-   Progress -551- INFO    - version 3.02.01                     at midnight we open a new file
2024-03-15T07:23:59.249626-0600 - __main__-   Progress -552- INFO    - version 3.02.1 logger.info some info on dropbox
2024-03-15T07:23:59.249670-0600 - __main__-   Progress -553- INFO    - version 3.02.2 write dropbox file around the half hour mark
2024-03-15T07:23:59.249715-0600 - __main__-   Progress -554- INFO    - Version 3.02.3   Included a header which is needed for the raspberry pi to start test_speed1 at boot
2024-03-15T07:23:59.249760-0600 - __main__-   Progress -555- INFO    - Version 3.02.4   gives an acoustic signal at startup
2024-03-15T07:23:59.249805-0600 - __main__-   Progress -556- INFO    - Version 3.03.0   added a Debug switch
2024-03-15T07:23:59.249849-0600 - __main__-   Progress -557- INFO    - Version 3.04.0  get host name and add it to the filename
2024-03-15T07:23:59.249894-0600 - __main__-   Progress -558- INFO    - Version 4.00.0  runs on python3 now
2024-03-15T07:23:59.249939-0600 - __main__-   Progress -559- INFO    - Version 5.00.0  automatically does plots and ships them to dropbox
2024-03-15T07:23:59.249982-0600 - __main__-   Progress -560- INFO    - Version 5.01.0  new dropbox configuration
2024-03-15T07:23:59.250039-0600 - __main__-   Progress -561- INFO    - Version 5.01.1  added lookup of ip address
2024-03-15T07:23:59.250081-0600 - __main__-   Progress -562- INFO    - Version 5.01.2  stop at 23:45 to 24:00, flush data and exit
2024-03-15T07:23:59.250124-0600 - __main__-   Progress -563- INFO    - Version 5.01.3  Create textfile with important values
2024-03-15T07:23:59.250173-0600 - __main__-   Progress -564- INFO    - Version 5.01.4  test of distro
2024-03-15T07:23:59.250215-0600 - __main__-   Progress -565- INFO    - Version 5.01.5  timestamp in log file
2024-03-15T07:23:59.250259-0600 - __main__-   Progress -566- INFO    - Version 5.01.6  added close_fds=True to popen
2024-03-15T07:23:59.250301-0600 - __main__-   Progress -567- INFO    - Version 5.01.7  added using timeout command
2024-03-15T07:23:59.250346-0600 - __main__-   Progress -568- INFO    - Version 5.01.8  better error message
2024-03-15T07:23:59.250388-0600 - __main__-   Progress -569- INFO    - Version 5.01.9  date and time output
2024-03-15T07:23:59.250432-0600 - __main__-   Progress -570- INFO    - Version 5.01.10  catching network problems
2024-03-15T07:23:59.250475-0600 - __main__-   Progress -571- INFO    - Version 5.01.11  force LC12 to connect to NMSURF, done in the arg parse section
2024-03-15T07:23:59.250518-0600 - __main__-   Progress -572- INFO    - Version 5.01.12  force LC24 to connect to NMSURF, done in the arg parse section
2024-03-15T07:23:59.250561-0600 - __main__-   Progress -573- INFO    - Version 6.00.01  now with latency measurement to currently cybermese
2024-03-15T07:23:59.250609-0600 - __main__-   Progress -574- INFO    - Version 6.00.02  minor change in PlotCalss do do the scaling on the single pdf files better
2024-03-15T07:23:59.250650-0600 - __main__-   Progress -575- INFO    - Version 7.00.01  major upgrade , replace speetetst with iperf
2024-03-15T07:23:59.250692-0600 - __main__-   Progress -576- INFO    - Version 7.01.02  added config file
2024-03-15T07:23:59.250733-0600 - __main__-   Progress -577- INFO    - Version 7.01.03  added Gordon wish for /etc location for config file
2024-03-15T07:23:59.250777-0600 - __main__-   Progress -578- INFO    - Version 7.01.04  Revamped command line and arparse section
2024-03-15T07:23:59.250818-0600 - __main__-   Progress -579- INFO    - Version 7.01.05  added a call to ntp server, start of syncing the speedboxes
2024-03-15T07:23:59.250862-0600 - __main__-   Progress -580- INFO    - Version 7.01.06  add a line to txt file to write runmode
2024-03-15T07:23:59.250905-0600 - __main__-   Progress -581- INFO    - Version 7.02.01  modfy code such that it now reads in a second file to determine what host is running what 
2024-03-15T07:23:59.250957-0600 - __main__-   Progress -582- INFO    - Version 8.01.01  Code which allow you to switch between speedtest and iperf either pretermined or random 
2024-03-15T07:23:59.250999-0600 - __main__-   Progress -583- INFO    - Version 8.01.02  replace server name with speedtest in output csv file 
2024-03-15T07:23:59.251042-0600 - __main__-   Progress -585- INFO    - Version 8.02.01  now better reflection on what is going on with iperf, and new more granular config file treatment 
2024-03-15T07:23:59.251083-0600 - __main__-   Progress -586- INFO    - Version 8.02.02  with Gordon time mods 
2024-03-15T07:23:59.251123-0600 - __main__-   Progress -587- INFO    - Version 8.02.03  added an try clause in create iperf output to catch connection problems
2024-03-15T07:23:59.251164-0600 - __main__-   Progress -588- INFO    - Version 9.00.01  new dropbox
2024-03-15T07:23:59.251204-0600 - __main__-   Progress -589- INFO    - Version 9.01.00  Version with logger
2024-03-15T07:23:59.251344-0600 - __main__-   Progress -590- INFO    - Version 9.01.01  choose new server according to list if problems
2024-03-15T07:23:59.251423-0600 - __main__-   Progress -591- INFO    - Version 9.02.01  cleanup logfiles and datadirectory
2024-03-15T07:23:59.251477-0600 - __main__-   Progress -592- INFO    - Version 9.02.02  changed to loguru
2024-03-15T07:23:59.251701-0600 - __main__-   CleanUp -361- INFO    - removing files in /Users/klein/git/speedtest/log/
2024-03-15T07:23:59.252526-0600 - __main__-   CleanUp -366- INFO    - removing files in /Users/klein/speedfiles/
2024-03-15T07:23:59.252952-0600 - __main__-   ConnectDropBox -439- INFO    - new system
2024-03-15T07:23:59.253909-0600 - __main__-   ConnectDropBox -472- INFO    - self.dbx = <dropbox.dropbox_client.Dropbox object at 0x161d62cd0>
2024-03-15T07:23:59.931171-0600 - __main__-   ConnectDropBox -483- INFO    - ***************************dropbox*******************



2024-03-15T07:23:59.931662-0600 - __main__-   ConnectDropBox -485- INFO    - Tech Group LCWA
2024-03-15T07:23:59.931800-0600 - __main__-   ConnectDropBox -487- INFO    - tech.admin@lcwireless.net


2024-03-15T07:23:59.931917-0600 - __main__-   ConnectDropBox -488- INFO    - ***************************dropbox*******************

2024-03-15T07:23:59.932103-0600 - __main__-   ConnectDropBox -439- INFO    - new system
2024-03-15T07:23:59.935406-0600 - __main__-   ConnectDropBox -472- INFO    - self.dbx = <dropbox.dropbox_client.Dropbox object at 0x160417a50>
2024-03-15T07:24:00.563603-0600 - __main__-   ConnectDropBox -483- INFO    - ***************************dropbox*******************



2024-03-15T07:24:00.564401-0600 - __main__-   ConnectDropBox -485- INFO    - Tech Group LCWA
2024-03-15T07:24:00.564913-0600 - __main__-   ConnectDropBox -487- INFO    - tech.admin@lcwireless.net


2024-03-15T07:24:00.565171-0600 - __main__-   ConnectDropBox -488- INFO    - ***************************dropbox*******************

2024-03-15T07:24:00.565517-0600 - __main__-   GetArguments -822- INFO    - Speedtest command     == ['/usr/local/bin/speedtest', '--progress=no', '-f', 'csv', '-s', '1773', '--format=json-pretty']
2024-03-15T07:24:00.565718-0600 - __main__-   QueueStartupWaitTime -162- INFO    - Jumping startup wait queue..
2024-03-15T07:24:00.566006-0600 - __main__-   SetDropDir -1565- INFO    - /LCWA/ROTW/
2024-03-15T07:24:00.660249-0600 - __main__-   Run -1147- INFO    - Beginning test ['/usr/local/bin/speedtest', '--progress=no', '-f', 'csv', '-s', '1773', '--format=json-pretty']
2024-03-15T07:24:25.690207-0600 - __main__-   CreateOutputJson -1395- WARNING    - Packetloss not available on this server
2024-03-15T07:24:35.937409-0600 - __main__-   CreateOutputJson -1417- INFO    - Header: ['day', 'time', 'server name', 'server id', 'latency', 'jitter', 'packet loss', 'download', 'upload', 'latency measured']
2024-03-15T07:24:35.937845-0600 - __main__-   CreateOutputJson -1418- INFO    - Output: ['15/03/2024', '07:24:25', 'Speed', 1773, 45.519, 10.989, -10000.0, 19.644456, 19.119608, 19.177262397715822]
2024-03-15T07:24:35.938073-0600 - __main__-   Run -1220- INFO    - Writing: 15/03/2024,07:24:25,Speed,1773,45.519,10.989,-10000.0,19.644456,19.119608,19.177262397715822

2024-03-15T07:24:35.939153-0600 - __main__-   Run -1223- INFO    - Speedtest test completed successfully.

2024-03-15T07:24:35.939547-0600 - __main__-   RunLoop -889- INFO    - /LCWA/ROTW/   solv_2024-03-15speedfile.csv
2024-03-15T07:24:37.022472-0600 - __main__-   RunLoop -895- INFO    - 15/03/2024 07:24:37   wrote dropbox file
2024-03-15T07:24:38.729058-0600 - __main__-   RunLoop -917- INFO    -  now saving plotfile
2024-03-15T07:24:38.729649-0600 - PlotClass-   MyPythonVersion -72- INFO    -  we have python 3
2024-03-15T07:24:38.729860-0600 - __main__-   DoPlots -1574- INFO    - /Users/klein/speedfiles/   solv_2024-03-15speedfile.csv
2024-03-15T07:24:38.730079-0600 - __main__-   DoPlots -1582- DEBUG    - 4
2024-03-15T07:24:39.073629-0600 - PlotClass-   PlotData -145- INFO    - /Users/klein/speedfiles//solv_2024-03-15speedfile.pdf
2024-03-15T07:27:05.638053-0600 - __main__-   WriteHeader -507- INFO    -  


 $$$$$$$$$$$$$$$$$$$$$$$$$$$$$$$$$$$$$$$$$$$$$$$$$$$$$$$$$$$$$$$$$$$$$$$$$$$$$$$$$$$$$$$$$$$$ 

2024-03-15T07:27:05.638544-0600 - __main__-   WriteHeader -508- INFO    -  new run
2024-03-15T07:27:05.638621-0600 - __main__-   WriteHeader -509- INFO    -  
 $$$$$$$$$$$$$$$$$$$$$$$$$$$$$$$$$$$$$$$$$$$$$$$$$$$$$$$$$$$$$$$$$$$$$$$$$$$$$$$$$$$$$$$$$$$$ 



2024-03-15T07:27:05.638703-0600 - __main__-   WriteHeader -512- INFO    - 3
2024-03-15T07:27:05.638771-0600 - __main__-   WriteHeader -514- WARNING    -  we have python 3
2024-03-15T07:27:05.638834-0600 - __main__-   WriteHeader -532- INFO    - ****************************************************************** 

2024-03-15T07:27:05.638887-0600 - __main__-   WriteHeader -533- INFO    - * hello this is the LCWA speedtest version9.02.02
2024-03-15T07:27:05.638935-0600 - __main__-   WriteHeader -534- INFO    - * Written by Andi Klein using the CLI from speedtest
2024-03-15T07:27:05.638990-0600 - __main__-   WriteHeader -535- INFO    - * Run date 2024-03-15 07:27:05.638825
2024-03-15T07:27:05.718448-0600 - __main__-   WriteHeader -536- INFO    - * Running from 63.233.221.150
2024-03-15T07:27:05.718916-0600 - __main__-   WriteHeader -539- INFO    - ****************************************************************** 

2024-03-15T07:27:05.719010-0600 - __main__-   Progress -550- INFO    - version 2.02    trying to catch the random bad data sent by the CLI
2024-03-15T07:27:05.719067-0600 - __main__-   Progress -551- INFO    - version 2.03   fixed conversion problem for N/A
2024-03-15T07:27:05.719120-0600 - __main__-   Progress -552- INFO    - version 2.03.1   fixed rasp problem wit -L and -V
2024-03-15T07:27:05.719167-0600 - __main__-   Progress -553- INFO    - version 3.01.0  connect to dropbox and store file every 50 entries
2024-03-15T07:27:05.719215-0600 - __main__-   Progress -554- INFO    - version 3.01.1  added header line to output
2024-03-15T07:27:05.719260-0600 - __main__-   Progress -555- INFO    - version 3.02.0    made cybermesa default server unless requested 
2024-03-15T07:27:05.719307-0600 - __main__-   Progress -556- INFO    - version 3.02.01                     at midnight we open a new file
2024-03-15T07:27:05.719350-0600 - __main__-   Progress -557- INFO    - version 3.02.1 logger.info some info on dropbox
2024-03-15T07:27:05.719396-0600 - __main__-   Progress -558- INFO    - version 3.02.2 write dropbox file around the half hour mark
2024-03-15T07:27:05.719441-0600 - __main__-   Progress -559- INFO    - Version 3.02.3   Included a header which is needed for the raspberry pi to start test_speed1 at boot
2024-03-15T07:27:05.719486-0600 - __main__-   Progress -560- INFO    - Version 3.02.4   gives an acoustic signal at startup
2024-03-15T07:27:05.719529-0600 - __main__-   Progress -561- INFO    - Version 3.03.0   added a Debug switch
2024-03-15T07:27:05.719572-0600 - __main__-   Progress -562- INFO    - Version 3.04.0  get host name and add it to the filename
2024-03-15T07:27:05.719615-0600 - __main__-   Progress -563- INFO    - Version 4.00.0  runs on python3 now
2024-03-15T07:27:05.719656-0600 - __main__-   Progress -564- INFO    - Version 5.00.0  automatically does plots and ships them to dropbox
2024-03-15T07:27:05.719700-0600 - __main__-   Progress -565- INFO    - Version 5.01.0  new dropbox configuration
2024-03-15T07:27:05.719742-0600 - __main__-   Progress -566- INFO    - Version 5.01.1  added lookup of ip address
2024-03-15T07:27:05.719785-0600 - __main__-   Progress -567- INFO    - Version 5.01.2  stop at 23:45 to 24:00, flush data and exit
2024-03-15T07:27:05.719828-0600 - __main__-   Progress -568- INFO    - Version 5.01.3  Create textfile with important values
2024-03-15T07:27:05.719874-0600 - __main__-   Progress -569- INFO    - Version 5.01.4  test of distro
2024-03-15T07:27:05.719918-0600 - __main__-   Progress -570- INFO    - Version 5.01.5  timestamp in log file
2024-03-15T07:27:05.719960-0600 - __main__-   Progress -571- INFO    - Version 5.01.6  added close_fds=True to popen
2024-03-15T07:27:05.720003-0600 - __main__-   Progress -572- INFO    - Version 5.01.7  added using timeout command
2024-03-15T07:27:05.720047-0600 - __main__-   Progress -573- INFO    - Version 5.01.8  better error message
2024-03-15T07:27:05.720089-0600 - __main__-   Progress -574- INFO    - Version 5.01.9  date and time output
2024-03-15T07:27:05.720133-0600 - __main__-   Progress -575- INFO    - Version 5.01.10  catching network problems
2024-03-15T07:27:05.720188-0600 - __main__-   Progress -576- INFO    - Version 5.01.11  force LC12 to connect to NMSURF, done in the arg parse section
2024-03-15T07:27:05.720233-0600 - __main__-   Progress -577- INFO    - Version 5.01.12  force LC24 to connect to NMSURF, done in the arg parse section
2024-03-15T07:27:05.720275-0600 - __main__-   Progress -578- INFO    - Version 6.00.01  now with latency measurement to currently cybermese
2024-03-15T07:27:05.720320-0600 - __main__-   Progress -579- INFO    - Version 6.00.02  minor change in PlotCalss do do the scaling on the single pdf files better
2024-03-15T07:27:05.720362-0600 - __main__-   Progress -580- INFO    - Version 7.00.01  major upgrade , replace speetetst with iperf
2024-03-15T07:27:05.720403-0600 - __main__-   Progress -581- INFO    - Version 7.01.02  added config file
2024-03-15T07:27:05.720444-0600 - __main__-   Progress -582- INFO    - Version 7.01.03  added Gordon wish for /etc location for config file
2024-03-15T07:27:05.720485-0600 - __main__-   Progress -583- INFO    - Version 7.01.04  Revamped command line and arparse section
2024-03-15T07:27:05.720528-0600 - __main__-   Progress -584- INFO    - Version 7.01.05  added a call to ntp server, start of syncing the speedboxes
2024-03-15T07:27:05.720570-0600 - __main__-   Progress -585- INFO    - Version 7.01.06  add a line to txt file to write runmode
2024-03-15T07:27:05.720613-0600 - __main__-   Progress -586- INFO    - Version 7.02.01  modfy code such that it now reads in a second file to determine what host is running what 
2024-03-15T07:27:05.720662-0600 - __main__-   Progress -587- INFO    - Version 8.01.01  Code which allow you to switch between speedtest and iperf either pretermined or random 
2024-03-15T07:27:05.720706-0600 - __main__-   Progress -588- INFO    - Version 8.01.02  replace server name with speedtest in output csv file 
2024-03-15T07:27:05.720749-0600 - __main__-   Progress -590- INFO    - Version 8.02.01  now better reflection on what is going on with iperf, and new more granular config file treatment 
2024-03-15T07:27:05.720792-0600 - __main__-   Progress -591- INFO    - Version 8.02.02  with Gordon time mods 
2024-03-15T07:27:05.720834-0600 - __main__-   Progress -592- INFO    - Version 8.02.03  added an try clause in create iperf output to catch connection problems
2024-03-15T07:27:05.720877-0600 - __main__-   Progress -593- INFO    - Version 9.00.01  new dropbox
2024-03-15T07:27:05.720919-0600 - __main__-   Progress -594- INFO    - Version 9.01.00  Version with logger
2024-03-15T07:27:05.720959-0600 - __main__-   Progress -595- INFO    - Version 9.01.01  choose new server according to list if problems
2024-03-15T07:27:05.721000-0600 - __main__-   Progress -596- INFO    - Version 9.02.01  cleanup logfiles and datadirectory
2024-03-15T07:27:05.721043-0600 - __main__-   Progress -597- INFO    - Version 9.02.02  changed to loguru
2024-03-15T07:27:05.721287-0600 - __main__-   CleanUp -361- INFO    - removing files in /Users/klein/git/speedtest/log/
2024-03-15T07:27:05.721543-0600 - __main__-   CleanUp -366- INFO    - removing files in /Users/klein/speedfiles/
2024-03-15T07:27:05.721939-0600 - __main__-   ConnectDropBox -439- INFO    - new system
2024-03-15T07:27:05.722838-0600 - __main__-   ConnectDropBox -472- INFO    - self.dbx = <dropbox.dropbox_client.Dropbox object at 0x165c16c50>
2024-03-15T07:27:06.526532-0600 - __main__-   ConnectDropBox -483- INFO    - ***************************dropbox*******************



2024-03-15T07:27:06.526725-0600 - __main__-   ConnectDropBox -485- INFO    - Tech Group LCWA
2024-03-15T07:27:06.526788-0600 - __main__-   ConnectDropBox -487- INFO    - tech.admin@lcwireless.net


2024-03-15T07:27:06.526841-0600 - __main__-   ConnectDropBox -488- INFO    - ***************************dropbox*******************

2024-03-15T07:27:06.526930-0600 - __main__-   ConnectDropBox -439- INFO    - new system
2024-03-15T07:27:06.528542-0600 - __main__-   ConnectDropBox -472- INFO    - self.dbx = <dropbox.dropbox_client.Dropbox object at 0x11409f0d0>
2024-03-15T07:27:07.195784-0600 - __main__-   ConnectDropBox -483- INFO    - ***************************dropbox*******************



2024-03-15T07:27:07.196314-0600 - __main__-   ConnectDropBox -485- INFO    - Tech Group LCWA
2024-03-15T07:27:07.196460-0600 - __main__-   ConnectDropBox -487- INFO    - tech.admin@lcwireless.net


2024-03-15T07:27:07.196600-0600 - __main__-   ConnectDropBox -488- INFO    - ***************************dropbox*******************

2024-03-15T07:27:07.196896-0600 - __main__-   GetArguments -827- INFO    - Speedtest command     == ['/usr/local/bin/speedtest', '--progress=no', '-f', 'csv', '-s', '1773', '--format=json-pretty']
2024-03-15T07:27:07.197074-0600 - __main__-   QueueStartupWaitTime -162- INFO    - Jumping startup wait queue..
2024-03-15T07:27:07.197336-0600 - __main__-   SetDropDir -1570- INFO    - /LCWA/ROTW/
2024-03-15T07:27:07.296187-0600 - __main__-   Run -1152- INFO    - Beginning test ['/usr/local/bin/speedtest', '--progress=no', '-f', 'csv', '-s', '1773', '--format=json-pretty']
2024-03-15T07:31:31.246828-0600 - __main__-   WriteHeader -511- INFO    -  


 $$$$$$$$$$$$$$$$$$$$$$$$$$$$$$$$$$$$$$$$$$$$$$$$$$$$$$$$$$$$$$$$$$$$$$$$$$$$$$$$$$$$$$$$$$$$ 
                         new run                         
 $$$$$$$$$$$$$$$$$$$$$$$$$$$$$$$$$$$$$$$$$$$$$$$$$$$$$$$$$$$$$$$$$$$$$$$$$$$$$$$$$$$$$$$$$$$$ 



2024-03-15T07:31:31.247502-0600 - __main__-   WriteHeader -513- INFO    - 3
2024-03-15T07:31:31.247647-0600 - __main__-   WriteHeader -515- WARNING    -  we have python 3
2024-03-15T07:31:31.247740-0600 - __main__-   WriteHeader -533- INFO    - ****************************************************************** 

2024-03-15T07:31:31.247816-0600 - __main__-   WriteHeader -534- INFO    - * hello this is the LCWA speedtest version9.02.02
2024-03-15T07:31:31.247880-0600 - __main__-   WriteHeader -535- INFO    - * Written by Andi Klein using the CLI from speedtest
2024-03-15T07:31:31.247934-0600 - __main__-   WriteHeader -536- INFO    - * Run date 2024-03-15 07:31:31.247725
2024-03-15T07:31:31.339849-0600 - __main__-   WriteHeader -537- INFO    - * Running from 63.233.221.150
2024-03-15T07:31:31.340297-0600 - __main__-   WriteHeader -540- INFO    - ****************************************************************** 

2024-03-15T07:31:31.340399-0600 - __main__-   Progress -551- INFO    - version 2.02    trying to catch the random bad data sent by the CLI
2024-03-15T07:31:31.340466-0600 - __main__-   Progress -552- INFO    - version 2.03   fixed conversion problem for N/A
2024-03-15T07:31:31.340517-0600 - __main__-   Progress -553- INFO    - version 2.03.1   fixed rasp problem wit -L and -V
2024-03-15T07:31:31.340562-0600 - __main__-   Progress -554- INFO    - version 3.01.0  connect to dropbox and store file every 50 entries
2024-03-15T07:31:31.340608-0600 - __main__-   Progress -555- INFO    - version 3.01.1  added header line to output
2024-03-15T07:31:31.340653-0600 - __main__-   Progress -556- INFO    - version 3.02.0    made cybermesa default server unless requested 
2024-03-15T07:31:31.340697-0600 - __main__-   Progress -557- INFO    - version 3.02.01                     at midnight we open a new file
2024-03-15T07:31:31.340741-0600 - __main__-   Progress -558- INFO    - version 3.02.1 logger.info some info on dropbox
2024-03-15T07:31:31.340784-0600 - __main__-   Progress -559- INFO    - version 3.02.2 write dropbox file around the half hour mark
2024-03-15T07:31:31.340826-0600 - __main__-   Progress -560- INFO    - Version 3.02.3   Included a header which is needed for the raspberry pi to start test_speed1 at boot
2024-03-15T07:31:31.340868-0600 - __main__-   Progress -561- INFO    - Version 3.02.4   gives an acoustic signal at startup
2024-03-15T07:31:31.340911-0600 - __main__-   Progress -562- INFO    - Version 3.03.0   added a Debug switch
2024-03-15T07:31:31.340954-0600 - __main__-   Progress -563- INFO    - Version 3.04.0  get host name and add it to the filename
2024-03-15T07:31:31.340997-0600 - __main__-   Progress -564- INFO    - Version 4.00.0  runs on python3 now
2024-03-15T07:31:31.341052-0600 - __main__-   Progress -565- INFO    - Version 5.00.0  automatically does plots and ships them to dropbox
2024-03-15T07:31:31.341094-0600 - __main__-   Progress -566- INFO    - Version 5.01.0  new dropbox configuration
2024-03-15T07:31:31.341135-0600 - __main__-   Progress -567- INFO    - Version 5.01.1  added lookup of ip address
2024-03-15T07:31:31.341176-0600 - __main__-   Progress -568- INFO    - Version 5.01.2  stop at 23:45 to 24:00, flush data and exit
2024-03-15T07:31:31.341217-0600 - __main__-   Progress -569- INFO    - Version 5.01.3  Create textfile with important values
2024-03-15T07:31:31.341260-0600 - __main__-   Progress -570- INFO    - Version 5.01.4  test of distro
2024-03-15T07:31:31.341301-0600 - __main__-   Progress -571- INFO    - Version 5.01.5  timestamp in log file
2024-03-15T07:31:31.341342-0600 - __main__-   Progress -572- INFO    - Version 5.01.6  added close_fds=True to popen
2024-03-15T07:31:31.341384-0600 - __main__-   Progress -573- INFO    - Version 5.01.7  added using timeout command
2024-03-15T07:31:31.341426-0600 - __main__-   Progress -574- INFO    - Version 5.01.8  better error message
2024-03-15T07:31:31.341468-0600 - __main__-   Progress -575- INFO    - Version 5.01.9  date and time output
2024-03-15T07:31:31.341510-0600 - __main__-   Progress -576- INFO    - Version 5.01.10  catching network problems
2024-03-15T07:31:31.341550-0600 - __main__-   Progress -577- INFO    - Version 5.01.11  force LC12 to connect to NMSURF, done in the arg parse section
2024-03-15T07:31:31.341592-0600 - __main__-   Progress -578- INFO    - Version 5.01.12  force LC24 to connect to NMSURF, done in the arg parse section
2024-03-15T07:31:31.341634-0600 - __main__-   Progress -579- INFO    - Version 6.00.01  now with latency measurement to currently cybermese
2024-03-15T07:31:31.341678-0600 - __main__-   Progress -580- INFO    - Version 6.00.02  minor change in PlotCalss do do the scaling on the single pdf files better
2024-03-15T07:31:31.341719-0600 - __main__-   Progress -581- INFO    - Version 7.00.01  major upgrade , replace speetetst with iperf
2024-03-15T07:31:31.341761-0600 - __main__-   Progress -582- INFO    - Version 7.01.02  added config file
2024-03-15T07:31:31.341802-0600 - __main__-   Progress -583- INFO    - Version 7.01.03  added Gordon wish for /etc location for config file
2024-03-15T07:31:31.341842-0600 - __main__-   Progress -584- INFO    - Version 7.01.04  Revamped command line and arparse section
2024-03-15T07:31:31.341882-0600 - __main__-   Progress -585- INFO    - Version 7.01.05  added a call to ntp server, start of syncing the speedboxes
2024-03-15T07:31:31.341923-0600 - __main__-   Progress -586- INFO    - Version 7.01.06  add a line to txt file to write runmode
2024-03-15T07:31:31.341967-0600 - __main__-   Progress -587- INFO    - Version 7.02.01  modfy code such that it now reads in a second file to determine what host is running what 
2024-03-15T07:31:31.342021-0600 - __main__-   Progress -588- INFO    - Version 8.01.01  Code which allow you to switch between speedtest and iperf either pretermined or random 
2024-03-15T07:31:31.342063-0600 - __main__-   Progress -589- INFO    - Version 8.01.02  replace server name with speedtest in output csv file 
2024-03-15T07:31:31.342106-0600 - __main__-   Progress -591- INFO    - Version 8.02.01  now better reflection on what is going on with iperf, and new more granular config file treatment 
2024-03-15T07:31:31.342148-0600 - __main__-   Progress -592- INFO    - Version 8.02.02  with Gordon time mods 
2024-03-15T07:31:31.342190-0600 - __main__-   Progress -593- INFO    - Version 8.02.03  added an try clause in create iperf output to catch connection problems
2024-03-15T07:31:31.342232-0600 - __main__-   Progress -594- INFO    - Version 9.00.01  new dropbox
2024-03-15T07:31:31.342272-0600 - __main__-   Progress -595- INFO    - Version 9.01.00  Version with logger
2024-03-15T07:31:31.342314-0600 - __main__-   Progress -596- INFO    - Version 9.01.01  choose new server according to list if problems
2024-03-15T07:31:31.342363-0600 - __main__-   Progress -597- INFO    - Version 9.02.01  cleanup logfiles and datadirectory
2024-03-15T07:31:31.342405-0600 - __main__-   Progress -598- INFO    - Version 9.02.02  changed to loguru
2024-03-15T07:31:31.342635-0600 - __main__-   CleanUp -361- INFO    - removing files in /Users/klein/git/speedtest/log/
2024-03-15T07:31:31.342901-0600 - __main__-   CleanUp -366- INFO    - removing files in /Users/klein/speedfiles/
2024-03-15T07:31:31.344189-0600 - __main__-   ConnectDropBox -439- INFO    - new system
2024-03-15T07:31:31.345110-0600 - __main__-   ConnectDropBox -472- INFO    - self.dbx = <dropbox.dropbox_client.Dropbox object at 0x161892c10>
2024-03-15T07:31:32.358607-0600 - __main__-   ConnectDropBox -483- INFO    - ***************************dropbox*******************



2024-03-15T07:31:32.358809-0600 - __main__-   ConnectDropBox -485- INFO    - Tech Group LCWA
2024-03-15T07:31:32.358881-0600 - __main__-   ConnectDropBox -487- INFO    - tech.admin@lcwireless.net


2024-03-15T07:31:32.358941-0600 - __main__-   ConnectDropBox -488- INFO    - ***************************dropbox*******************

2024-03-15T07:31:32.359043-0600 - __main__-   ConnectDropBox -439- INFO    - new system
2024-03-15T07:31:32.360644-0600 - __main__-   ConnectDropBox -472- INFO    - self.dbx = <dropbox.dropbox_client.Dropbox object at 0x10fc548d0>
2024-03-15T07:32:07.064997-0600 - __main__-   WriteHeader -511- INFO    -  





 $$$$$$$$$$$$$$$$$$$$$$$$$$$$$$$$$$$$$$$$$$$$$$$$$$$$$$$$$$$$$$$$$$$$$$$$$$$$$$$$$$$$$$$$$$$$ 
                         new run                         
 $$$$$$$$$$$$$$$$$$$$$$$$$$$$$$$$$$$$$$$$$$$$$$$$$$$$$$$$$$$$$$$$$$$$$$$$$$$$$$$$$$$$$$$$$$$$ 



2024-03-15T07:32:07.065473-0600 - __main__-   WriteHeader -513- INFO    - 3
2024-03-15T07:32:07.065649-0600 - __main__-   WriteHeader -515- WARNING    -  we have python 3
2024-03-15T07:32:07.065742-0600 - __main__-   WriteHeader -533- INFO    - ****************************************************************** 

2024-03-15T07:32:07.065819-0600 - __main__-   WriteHeader -534- INFO    - * hello this is the LCWA speedtest version9.02.02
2024-03-15T07:32:07.065881-0600 - __main__-   WriteHeader -535- INFO    - * Written by Andi Klein using the CLI from speedtest
2024-03-15T07:32:07.065938-0600 - __main__-   WriteHeader -536- INFO    - * Run date 2024-03-15 07:32:07.065728
2024-03-15T07:32:07.140233-0600 - __main__-   WriteHeader -537- INFO    - * Running from 63.233.221.150
2024-03-15T07:32:07.140653-0600 - __main__-   WriteHeader -540- INFO    - ****************************************************************** 

2024-03-15T07:32:07.140748-0600 - __main__-   Progress -551- INFO    - version 2.02    trying to catch the random bad data sent by the CLI
2024-03-15T07:32:07.140810-0600 - __main__-   Progress -552- INFO    - version 2.03   fixed conversion problem for N/A
2024-03-15T07:32:07.140868-0600 - __main__-   Progress -553- INFO    - version 2.03.1   fixed rasp problem wit -L and -V
2024-03-15T07:32:07.140917-0600 - __main__-   Progress -554- INFO    - version 3.01.0  connect to dropbox and store file every 50 entries
2024-03-15T07:32:07.140964-0600 - __main__-   Progress -555- INFO    - version 3.01.1  added header line to output
2024-03-15T07:32:07.141012-0600 - __main__-   Progress -556- INFO    - version 3.02.0    made cybermesa default server unless requested 
2024-03-15T07:32:07.141058-0600 - __main__-   Progress -557- INFO    - version 3.02.01                     at midnight we open a new file
2024-03-15T07:32:07.141101-0600 - __main__-   Progress -558- INFO    - version 3.02.1 logger.info some info on dropbox
2024-03-15T07:32:07.141147-0600 - __main__-   Progress -559- INFO    - version 3.02.2 write dropbox file around the half hour mark
2024-03-15T07:32:07.141190-0600 - __main__-   Progress -560- INFO    - Version 3.02.3   Included a header which is needed for the raspberry pi to start test_speed1 at boot
2024-03-15T07:32:07.141234-0600 - __main__-   Progress -561- INFO    - Version 3.02.4   gives an acoustic signal at startup
2024-03-15T07:32:07.141449-0600 - __main__-   Progress -562- INFO    - Version 3.03.0   added a Debug switch
2024-03-15T07:32:07.141494-0600 - __main__-   Progress -563- INFO    - Version 3.04.0  get host name and add it to the filename
2024-03-15T07:32:07.141536-0600 - __main__-   Progress -564- INFO    - Version 4.00.0  runs on python3 now
2024-03-15T07:32:07.141580-0600 - __main__-   Progress -565- INFO    - Version 5.00.0  automatically does plots and ships them to dropbox
2024-03-15T07:32:07.141621-0600 - __main__-   Progress -566- INFO    - Version 5.01.0  new dropbox configuration
2024-03-15T07:32:07.141663-0600 - __main__-   Progress -567- INFO    - Version 5.01.1  added lookup of ip address
2024-03-15T07:32:07.141705-0600 - __main__-   Progress -568- INFO    - Version 5.01.2  stop at 23:45 to 24:00, flush data and exit
2024-03-15T07:32:07.141746-0600 - __main__-   Progress -569- INFO    - Version 5.01.3  Create textfile with important values
2024-03-15T07:32:07.141795-0600 - __main__-   Progress -570- INFO    - Version 5.01.4  test of distro
2024-03-15T07:32:07.141837-0600 - __main__-   Progress -571- INFO    - Version 5.01.5  timestamp in log file
2024-03-15T07:32:07.141879-0600 - __main__-   Progress -572- INFO    - Version 5.01.6  added close_fds=True to popen
2024-03-15T07:32:07.141923-0600 - __main__-   Progress -573- INFO    - Version 5.01.7  added using timeout command
2024-03-15T07:32:07.141966-0600 - __main__-   Progress -574- INFO    - Version 5.01.8  better error message
2024-03-15T07:32:07.142015-0600 - __main__-   Progress -575- INFO    - Version 5.01.9  date and time output
2024-03-15T07:32:07.142057-0600 - __main__-   Progress -576- INFO    - Version 5.01.10  catching network problems
2024-03-15T07:32:07.142097-0600 - __main__-   Progress -577- INFO    - Version 5.01.11  force LC12 to connect to NMSURF, done in the arg parse section
2024-03-15T07:32:07.142138-0600 - __main__-   Progress -578- INFO    - Version 5.01.12  force LC24 to connect to NMSURF, done in the arg parse section
2024-03-15T07:32:07.142179-0600 - __main__-   Progress -579- INFO    - Version 6.00.01  now with latency measurement to currently cybermese
2024-03-15T07:32:07.142223-0600 - __main__-   Progress -580- INFO    - Version 6.00.02  minor change in PlotCalss do do the scaling on the single pdf files better
2024-03-15T07:32:07.142264-0600 - __main__-   Progress -581- INFO    - Version 7.00.01  major upgrade , replace speetetst with iperf
2024-03-15T07:32:07.142305-0600 - __main__-   Progress -582- INFO    - Version 7.01.02  added config file
2024-03-15T07:32:07.142347-0600 - __main__-   Progress -583- INFO    - Version 7.01.03  added Gordon wish for /etc location for config file
2024-03-15T07:32:07.142388-0600 - __main__-   Progress -584- INFO    - Version 7.01.04  Revamped command line and arparse section
2024-03-15T07:32:07.142431-0600 - __main__-   Progress -585- INFO    - Version 7.01.05  added a call to ntp server, start of syncing the speedboxes
2024-03-15T07:32:07.142471-0600 - __main__-   Progress -586- INFO    - Version 7.01.06  add a line to txt file to write runmode
2024-03-15T07:32:07.142515-0600 - __main__-   Progress -587- INFO    - Version 7.02.01  modfy code such that it now reads in a second file to determine what host is running what 
2024-03-15T07:32:07.142566-0600 - __main__-   Progress -588- INFO    - Version 8.01.01  Code which allow you to switch between speedtest and iperf either pretermined or random 
2024-03-15T07:32:07.142609-0600 - __main__-   Progress -589- INFO    - Version 8.01.02  replace server name with speedtest in output csv file 
2024-03-15T07:32:07.142652-0600 - __main__-   Progress -591- INFO    - Version 8.02.01  now better reflection on what is going on with iperf, and new more granular config file treatment 
2024-03-15T07:32:07.142695-0600 - __main__-   Progress -592- INFO    - Version 8.02.02  with Gordon time mods 
2024-03-15T07:32:07.142737-0600 - __main__-   Progress -593- INFO    - Version 8.02.03  added an try clause in create iperf output to catch connection problems
2024-03-15T07:32:07.142783-0600 - __main__-   Progress -594- INFO    - Version 9.00.01  new dropbox
2024-03-15T07:32:07.142825-0600 - __main__-   Progress -595- INFO    - Version 9.01.00  Version with logger
2024-03-15T07:32:07.142867-0600 - __main__-   Progress -596- INFO    - Version 9.01.01  choose new server according to list if problems
2024-03-15T07:32:07.142908-0600 - __main__-   Progress -597- INFO    - Version 9.02.01  cleanup logfiles and datadirectory
2024-03-15T07:32:07.142949-0600 - __main__-   Progress -598- INFO    - Version 9.02.02  changed to loguru
2024-03-15T07:32:07.143204-0600 - __main__-   CleanUp -361- INFO    - removing files in /Users/klein/git/speedtest/log/
2024-03-15T07:32:07.143458-0600 - __main__-   CleanUp -366- INFO    - removing files in /Users/klein/speedfiles/
2024-03-15T07:32:07.143835-0600 - __main__-   ConnectDropBox -439- INFO    - new system
2024-03-15T07:32:07.144734-0600 - __main__-   ConnectDropBox -472- INFO    - self.dbx = <dropbox.dropbox_client.Dropbox object at 0x165a66d10>
2024-03-15T07:32:07.826707-0600 - __main__-   ConnectDropBox -483- INFO    - ***************************dropbox*******************



2024-03-15T07:32:07.827044-0600 - __main__-   ConnectDropBox -485- INFO    - Tech Group LCWA
2024-03-15T07:32:07.827136-0600 - __main__-   ConnectDropBox -487- INFO    - tech.admin@lcwireless.net


2024-03-15T07:32:07.827195-0600 - __main__-   ConnectDropBox -488- INFO    - ***************************dropbox*******************

2024-03-15T07:32:07.827288-0600 - __main__-   ConnectDropBox -439- INFO    - new system
2024-03-15T07:32:07.828874-0600 - __main__-   ConnectDropBox -472- INFO    - self.dbx = <dropbox.dropbox_client.Dropbox object at 0x113908f90>
2024-03-15T07:32:08.512502-0600 - __main__-   ConnectDropBox -483- INFO    - ***************************dropbox*******************



2024-03-15T07:32:08.512908-0600 - __main__-   ConnectDropBox -485- INFO    - Tech Group LCWA
2024-03-15T07:32:08.513038-0600 - __main__-   ConnectDropBox -487- INFO    - tech.admin@lcwireless.net


2024-03-15T07:32:08.513140-0600 - __main__-   ConnectDropBox -488- INFO    - ***************************dropbox*******************

2024-03-15T07:32:08.513362-0600 - __main__-   GetArguments -828- INFO    - Speedtest command     == ['/usr/local/bin/speedtest', '--progress=no', '-f', 'csv', '-s', '1773', '--format=json-pretty']
2024-03-15T07:32:08.513500-0600 - __main__-   QueueStartupWaitTime -162- INFO    - Jumping startup wait queue..
2024-03-15T07:32:08.513682-0600 - __main__-   SetDropDir -1571- INFO    - /LCWA/ROTW/
2024-03-15T07:32:08.589907-0600 - __main__-   Run -1153- INFO    - Beginning test ['/usr/local/bin/speedtest', '--progress=no', '-f', 'csv', '-s', '1773', '--format=json-pretty']
2024-03-15T09:22:15.285428-0600 - __main__-   WriteHeader -511- INFO    -  





 $$$$$$$$$$$$$$$$$$$$$$$$$$$$$$$$$$$$$$$$$$$$$$$$$$$$$$$$$$$$$$$$$$$$$$$$$$$$$$$$$$$$$$$$$$$$ 
                         new run                         
 $$$$$$$$$$$$$$$$$$$$$$$$$$$$$$$$$$$$$$$$$$$$$$$$$$$$$$$$$$$$$$$$$$$$$$$$$$$$$$$$$$$$$$$$$$$$ 



2024-03-15T09:22:15.286235-0600 - __main__-   WriteHeader -513- INFO    - 3
2024-03-15T09:22:15.286418-0600 - __main__-   WriteHeader -515- WARNING    -  we have python 3
2024-03-15T09:22:15.286512-0600 - __main__-   WriteHeader -533- INFO    - ****************************************************************** 

2024-03-15T09:22:15.286594-0600 - __main__-   WriteHeader -534- INFO    - * hello this is the LCWA speedtest version9.02.02
2024-03-15T09:22:15.286657-0600 - __main__-   WriteHeader -535- INFO    - * Written by Andi Klein using the CLI from speedtest
2024-03-15T09:22:15.286711-0600 - __main__-   WriteHeader -536- INFO    - * Run date 2024-03-15 09:22:15.286497
2024-03-15T09:22:15.543377-0600 - __main__-   WriteHeader -537- INFO    - * Running from 63.233.221.150
2024-03-15T09:22:15.544312-0600 - __main__-   WriteHeader -540- INFO    - ****************************************************************** 

2024-03-15T09:22:15.544410-0600 - __main__-   Progress -551- INFO    - version 2.02    trying to catch the random bad data sent by the CLI
2024-03-15T09:22:15.544501-0600 - __main__-   Progress -552- INFO    - version 2.03   fixed conversion problem for N/A
2024-03-15T09:22:15.544568-0600 - __main__-   Progress -553- INFO    - version 2.03.1   fixed rasp problem wit -L and -V
2024-03-15T09:22:15.544622-0600 - __main__-   Progress -554- INFO    - version 3.01.0  connect to dropbox and store file every 50 entries
2024-03-15T09:22:15.544676-0600 - __main__-   Progress -555- INFO    - version 3.01.1  added header line to output
2024-03-15T09:22:15.544725-0600 - __main__-   Progress -556- INFO    - version 3.02.0    made cybermesa default server unless requested 
2024-03-15T09:22:15.544771-0600 - __main__-   Progress -557- INFO    - version 3.02.01                     at midnight we open a new file
2024-03-15T09:22:15.544821-0600 - __main__-   Progress -558- INFO    - version 3.02.1 logger.info some info on dropbox
2024-03-15T09:22:15.544869-0600 - __main__-   Progress -559- INFO    - version 3.02.2 write dropbox file around the half hour mark
2024-03-15T09:22:15.544916-0600 - __main__-   Progress -560- INFO    - Version 3.02.3   Included a header which is needed for the raspberry pi to start test_speed1 at boot
2024-03-15T09:22:15.544961-0600 - __main__-   Progress -561- INFO    - Version 3.02.4   gives an acoustic signal at startup
2024-03-15T09:22:15.545004-0600 - __main__-   Progress -562- INFO    - Version 3.03.0   added a Debug switch
2024-03-15T09:22:15.545052-0600 - __main__-   Progress -563- INFO    - Version 3.04.0  get host name and add it to the filename
2024-03-15T09:22:15.545099-0600 - __main__-   Progress -564- INFO    - Version 4.00.0  runs on python3 now
2024-03-15T09:22:15.545142-0600 - __main__-   Progress -565- INFO    - Version 5.00.0  automatically does plots and ships them to dropbox
2024-03-15T09:22:15.545188-0600 - __main__-   Progress -566- INFO    - Version 5.01.0  new dropbox configuration
2024-03-15T09:22:15.545230-0600 - __main__-   Progress -567- INFO    - Version 5.01.1  added lookup of ip address
2024-03-15T09:22:15.545271-0600 - __main__-   Progress -568- INFO    - Version 5.01.2  stop at 23:45 to 24:00, flush data and exit
2024-03-15T09:22:15.545311-0600 - __main__-   Progress -569- INFO    - Version 5.01.3  Create textfile with important values
2024-03-15T09:22:15.545360-0600 - __main__-   Progress -570- INFO    - Version 5.01.4  test of distro
2024-03-15T09:22:15.545401-0600 - __main__-   Progress -571- INFO    - Version 5.01.5  timestamp in log file
2024-03-15T09:22:15.545442-0600 - __main__-   Progress -572- INFO    - Version 5.01.6  added close_fds=True to popen
2024-03-15T09:22:15.545483-0600 - __main__-   Progress -573- INFO    - Version 5.01.7  added using timeout command
2024-03-15T09:22:15.545523-0600 - __main__-   Progress -574- INFO    - Version 5.01.8  better error message
2024-03-15T09:22:15.545885-0600 - __main__-   Progress -575- INFO    - Version 5.01.9  date and time output
2024-03-15T09:22:15.546014-0600 - __main__-   Progress -576- INFO    - Version 5.01.10  catching network problems
2024-03-15T09:22:15.546068-0600 - __main__-   Progress -577- INFO    - Version 5.01.11  force LC12 to connect to NMSURF, done in the arg parse section
2024-03-15T09:22:15.546116-0600 - __main__-   Progress -578- INFO    - Version 5.01.12  force LC24 to connect to NMSURF, done in the arg parse section
2024-03-15T09:22:15.546159-0600 - __main__-   Progress -579- INFO    - Version 6.00.01  now with latency measurement to currently cybermese
2024-03-15T09:22:15.546215-0600 - __main__-   Progress -580- INFO    - Version 6.00.02  minor change in PlotCalss do do the scaling on the single pdf files better
2024-03-15T09:22:15.546259-0600 - __main__-   Progress -581- INFO    - Version 7.00.01  major upgrade , replace speetetst with iperf
2024-03-15T09:22:15.546305-0600 - __main__-   Progress -582- INFO    - Version 7.01.02  added config file
2024-03-15T09:22:15.546347-0600 - __main__-   Progress -583- INFO    - Version 7.01.03  added Gordon wish for /etc location for config file
2024-03-15T09:22:15.546407-0600 - __main__-   Progress -584- INFO    - Version 7.01.04  Revamped command line and arparse section
2024-03-15T09:22:15.546451-0600 - __main__-   Progress -585- INFO    - Version 7.01.05  added a call to ntp server, start of syncing the speedboxes
2024-03-15T09:22:15.546493-0600 - __main__-   Progress -586- INFO    - Version 7.01.06  add a line to txt file to write runmode
2024-03-15T09:22:15.546539-0600 - __main__-   Progress -587- INFO    - Version 7.02.01  modfy code such that it now reads in a second file to determine what host is running what 
2024-03-15T09:22:15.546606-0600 - __main__-   Progress -588- INFO    - Version 8.01.01  Code which allow you to switch between speedtest and iperf either pretermined or random 
2024-03-15T09:22:15.546649-0600 - __main__-   Progress -589- INFO    - Version 8.01.02  replace server name with speedtest in output csv file 
2024-03-15T09:22:15.546696-0600 - __main__-   Progress -591- INFO    - Version 8.02.01  now better reflection on what is going on with iperf, and new more granular config file treatment 
2024-03-15T09:22:15.546739-0600 - __main__-   Progress -592- INFO    - Version 8.02.02  with Gordon time mods 
2024-03-15T09:22:15.546781-0600 - __main__-   Progress -593- INFO    - Version 8.02.03  added an try clause in create iperf output to catch connection problems
2024-03-15T09:22:15.546823-0600 - __main__-   Progress -594- INFO    - Version 9.00.01  new dropbox
2024-03-15T09:22:15.546867-0600 - __main__-   Progress -595- INFO    - Version 9.01.00  Version with logger
2024-03-15T09:22:15.546908-0600 - __main__-   Progress -596- INFO    - Version 9.01.01  choose new server according to list if problems
2024-03-15T09:22:15.546952-0600 - __main__-   Progress -597- INFO    - Version 9.02.01  cleanup logfiles and datadirectory
2024-03-15T09:22:15.546993-0600 - __main__-   Progress -598- INFO    - Version 9.02.02  changed to loguru
2024-03-15T09:22:15.547431-0600 - __main__-   CleanUp -361- INFO    - removing files in /Users/klein/git/speedtest/log/
2024-03-15T09:22:15.547794-0600 - __main__-   CleanUp -366- INFO    - removing files in /Users/klein/speedfiles/
2024-03-15T09:22:15.552359-0600 - __main__-   ConnectDropBox -439- INFO    - new system
2024-03-15T09:22:15.553631-0600 - __main__-   ConnectDropBox -472- INFO    - self.dbx = <dropbox.dropbox_client.Dropbox object at 0x165e323d0>
2024-03-15T09:22:16.228911-0600 - __main__-   ConnectDropBox -483- INFO    - ***************************dropbox*******************



2024-03-15T09:22:16.229101-0600 - __main__-   ConnectDropBox -485- INFO    - Tech Group LCWA
2024-03-15T09:22:16.229182-0600 - __main__-   ConnectDropBox -487- INFO    - tech.admin@lcwireless.net


2024-03-15T09:22:16.229238-0600 - __main__-   ConnectDropBox -488- INFO    - ***************************dropbox*******************

2024-03-15T09:22:16.229331-0600 - __main__-   ConnectDropBox -439- INFO    - new system
2024-03-15T09:22:16.230868-0600 - __main__-   ConnectDropBox -472- INFO    - self.dbx = <dropbox.dropbox_client.Dropbox object at 0x165e32410>
2024-03-15T09:22:16.805293-0600 - __main__-   ConnectDropBox -483- INFO    - ***************************dropbox*******************



2024-03-15T09:22:16.805486-0600 - __main__-   ConnectDropBox -485- INFO    - Tech Group LCWA
2024-03-15T09:22:16.805551-0600 - __main__-   ConnectDropBox -487- INFO    - tech.admin@lcwireless.net


2024-03-15T09:22:16.805603-0600 - __main__-   ConnectDropBox -488- INFO    - ***************************dropbox*******************

2024-03-15T09:22:16.805731-0600 - __main__-   GetArguments -828- INFO    - Speedtest command     == ['/usr/local/bin/speedtest', '--progress=no', '-f', 'csv', '-s', '1773', '--format=json-pretty']
2024-03-15T09:22:16.805808-0600 - __main__-   QueueStartupWaitTime -162- INFO    - Jumping startup wait queue..
2024-03-15T09:22:16.805905-0600 - __main__-   SetDropDir -1571- INFO    - /LCWA/ROTW/
2024-03-15T09:22:16.873615-0600 - __main__-   Run -1153- INFO    - Beginning test ['/usr/local/bin/speedtest', '--progress=no', '-f', 'csv', '-s', '1773', '--format=json-pretty']
2024-03-15T09:22:39.680400-0600 - __main__-   CreateOutputJson -1401- WARNING    - Packetloss not available on this server
2024-03-15T09:22:49.929899-0600 - __main__-   CreateOutputJson -1423- INFO    - Header: ['day', 'time', 'server name', 'server id', 'latency', 'jitter', 'packet loss', 'download', 'upload', 'latency measured']
2024-03-15T09:22:49.930542-0600 - __main__-   CreateOutputJson -1424- INFO    - Output: ['15/03/2024', '09:22:39', 'Speed', 1773, 41.144, 8.961, -10000.0, 23.877704, 15.409112, 18.34854579064995]
2024-03-15T09:22:49.930795-0600 - __main__-   Run -1226- INFO    - Writing: 15/03/2024,09:22:39,Speed,1773,41.144,8.961,-10000.0,23.877704,15.409112,18.34854579064995

2024-03-15T09:22:49.932259-0600 - __main__-   Run -1229- INFO    - Speedtest test completed successfully.

2024-03-15T09:22:49.932797-0600 - __main__-   RunLoop -895- INFO    - /LCWA/ROTW/   solv_2024-03-15speedfile.csv
2024-03-15T09:22:50.905444-0600 - __main__-   RunLoop -901- INFO    - 15/03/2024 09:22:50   wrote dropbox file
2024-03-15T09:22:52.520734-0600 - __main__-   RunLoop -923- INFO    -  now saving plotfile
2024-03-15T09:22:52.521398-0600 - PlotClass-   MyPythonVersion -72- INFO    -  we have python 3
2024-03-15T09:22:52.521821-0600 - __main__-   DoPlots -1580- INFO    - /Users/klein/speedfiles/   solv_2024-03-15speedfile.csv
2024-03-15T09:22:52.522205-0600 - __main__-   DoPlots -1588- DEBUG    - 5
2024-03-15T09:22:53.200207-0600 - PlotClass-   PlotData -145- INFO    - /Users/klein/speedfiles//solv_2024-03-15speedfile.pdf
2024-03-15T09:22:56.019313-0600 - __main__-   DoPlots -1602- INFO    - dropbox dir for plot /LCWA/ROTW/
2024-03-15T09:32:56.972680-0600 - __main__-   Run -1153- INFO    - Beginning test ['/usr/local/bin/speedtest', '--progress=no', '-f', 'csv', '-s', '1773', '--format=json-pretty']
2024-03-15T09:33:12.972482-0600 - __main__-   CreateOutputJson -1401- WARNING    - Packetloss not available on this server
2024-03-15T09:33:23.167217-0600 - __main__-   CreateOutputJson -1423- INFO    - Header: ['day', 'time', 'server name', 'server id', 'latency', 'jitter', 'packet loss', 'download', 'upload', 'latency measured']
2024-03-15T09:33:23.168762-0600 - __main__-   CreateOutputJson -1424- INFO    - Output: ['15/03/2024', '09:33:12', 'Speed', 1773, 46.662, 4.672, -10000.0, 21.035384, 23.659456, 15.288187505211681]
2024-03-15T09:33:23.169391-0600 - __main__-   Run -1226- INFO    - Writing: 15/03/2024,09:33:12,Speed,1773,46.662,4.672,-10000.0,21.035384,23.659456,15.288187505211681

2024-03-15T09:33:23.171537-0600 - __main__-   Run -1229- INFO    - Speedtest test completed successfully.

2024-03-15T09:33:23.173316-0600 - __main__-   RunLoop -895- INFO    - /LCWA/ROTW/   solv_2024-03-15speedfile.csv
2024-03-15T09:33:25.034448-0600 - __main__-   RunLoop -901- INFO    - 15/03/2024 09:33:25   wrote dropbox file
2024-03-15T09:33:31.969278-0600 - __main__-   RunLoop -923- INFO    -  now saving plotfile
2024-03-15T09:33:31.971245-0600 - PlotClass-   MyPythonVersion -72- INFO    -  we have python 3
2024-03-15T09:33:31.971949-0600 - __main__-   DoPlots -1580- INFO    - /Users/klein/speedfiles/   solv_2024-03-15speedfile.csv
2024-03-15T09:33:31.972724-0600 - __main__-   DoPlots -1588- DEBUG    - 6
2024-03-15T09:33:32.171567-0600 - PlotClass-   PlotData -145- INFO    - /Users/klein/speedfiles//solv_2024-03-15speedfile.pdf
2024-03-15T09:33:34.601302-0600 - __main__-   DoPlots -1602- INFO    - dropbox dir for plot /LCWA/ROTW/
2024-03-15T09:43:35.776839-0600 - __main__-   Run -1153- INFO    - Beginning test ['/usr/local/bin/speedtest', '--progress=no', '-f', 'csv', '-s', '1773', '--format=json-pretty']
2024-03-15T09:44:07.735942-0600 - __main__-   CreateOutputJson -1401- WARNING    - Packetloss not available on this server
2024-03-15T09:44:17.958014-0600 - __main__-   CreateOutputJson -1423- INFO    - Header: ['day', 'time', 'server name', 'server id', 'latency', 'jitter', 'packet loss', 'download', 'upload', 'latency measured']
2024-03-15T09:44:17.960226-0600 - __main__-   CreateOutputJson -1424- INFO    - Output: ['15/03/2024', '09:44:07', 'Speed', 1773, 41.811, 5.75, -10000.0, 23.44768, 20.423888, 18.73119588708505]
2024-03-15T09:44:17.960610-0600 - __main__-   Run -1226- INFO    - Writing: 15/03/2024,09:44:07,Speed,1773,41.811,5.75,-10000.0,23.44768,20.423888,18.73119588708505

2024-03-15T09:44:17.961194-0600 - __main__-   Run -1229- INFO    - Speedtest test completed successfully.

2024-03-15T09:44:17.962085-0600 - __main__-   RunLoop -895- INFO    - /LCWA/ROTW/   solv_2024-03-15speedfile.csv
2024-03-15T09:44:19.223348-0600 - __main__-   RunLoop -901- INFO    - 15/03/2024 09:44:19   wrote dropbox file
2024-03-15T09:44:20.854124-0600 - __main__-   RunLoop -923- INFO    -  now saving plotfile
2024-03-15T09:44:20.855122-0600 - PlotClass-   MyPythonVersion -72- INFO    -  we have python 3
2024-03-15T09:44:20.855703-0600 - __main__-   DoPlots -1580- INFO    - /Users/klein/speedfiles/   solv_2024-03-15speedfile.csv
2024-03-15T09:44:20.856339-0600 - __main__-   DoPlots -1588- DEBUG    - 7
2024-03-15T09:44:21.041957-0600 - PlotClass-   PlotData -145- INFO    - /Users/klein/speedfiles//solv_2024-03-15speedfile.pdf
2024-03-15T09:44:26.712090-0600 - __main__-   DoPlots -1602- INFO    - dropbox dir for plot /LCWA/ROTW/
2024-03-25T07:06:50.728341-0600 - __main__-   WriteHeader -472- INFO    -  





 $$$$$$$$$$$$$$$$$$$$$$$$$$$$$$$$$$$$$$$$$$$$$$$$$$$$$$$$$$$$$$$$$$$$$$$$$$$$$$$$$$$$$$$$$$$$ 
                         new run                         
 $$$$$$$$$$$$$$$$$$$$$$$$$$$$$$$$$$$$$$$$$$$$$$$$$$$$$$$$$$$$$$$$$$$$$$$$$$$$$$$$$$$$$$$$$$$$ 



2024-03-25T07:06:50.728830-0600 - __main__-   WriteHeader -474- INFO    - 3
2024-03-25T07:06:50.729019-0600 - __main__-   WriteHeader -476- WARNING    -  we have python 3
2024-03-25T07:06:50.729112-0600 - __main__-   WriteHeader -494- INFO    - ****************************************************************** 

2024-03-25T07:06:50.729189-0600 - __main__-   WriteHeader -495- INFO    - * hello this is the LCWA speedtest version9.02.02
2024-03-25T07:06:50.729248-0600 - __main__-   WriteHeader -496- INFO    - * Written by Andi Klein using the CLI from speedtest
2024-03-25T07:06:50.729301-0600 - __main__-   WriteHeader -497- INFO    - * Run date 2024-03-25 07:06:50.729098
2024-03-25T07:06:50.982190-0600 - __main__-   WriteHeader -498- INFO    - * Running from 63.233.221.150
2024-03-25T07:06:50.983056-0600 - __main__-   WriteHeader -501- INFO    - ****************************************************************** 

2024-03-25T07:06:50.983167-0600 - __main__-   Progress -512- INFO    - version 2.02    trying to catch the random bad data sent by the CLI
2024-03-25T07:06:50.983240-0600 - __main__-   Progress -513- INFO    - version 2.03   fixed conversion problem for N/A
2024-03-25T07:06:50.983304-0600 - __main__-   Progress -514- INFO    - version 2.03.1   fixed rasp problem wit -L and -V
2024-03-25T07:06:50.983378-0600 - __main__-   Progress -515- INFO    - version 3.01.0  connect to dropbox and store file every 50 entries
2024-03-25T07:06:50.983431-0600 - __main__-   Progress -516- INFO    - version 3.01.1  added header line to output
2024-03-25T07:06:50.983482-0600 - __main__-   Progress -517- INFO    - version 3.02.0    made cybermesa default server unless requested 
2024-03-25T07:06:50.983533-0600 - __main__-   Progress -518- INFO    - version 3.02.01                     at midnight we open a new file
2024-03-25T07:06:50.983591-0600 - __main__-   Progress -519- INFO    - version 3.02.1 logger.info some info on dropbox
2024-03-25T07:06:50.983642-0600 - __main__-   Progress -520- INFO    - version 3.02.2 write dropbox file around the half hour mark
2024-03-25T07:06:50.983689-0600 - __main__-   Progress -521- INFO    - Version 3.02.3   Included a header which is needed for the raspberry pi to start test_speed1 at boot
2024-03-25T07:06:50.983745-0600 - __main__-   Progress -522- INFO    - Version 3.02.4   gives an acoustic signal at startup
2024-03-25T07:06:50.983793-0600 - __main__-   Progress -523- INFO    - Version 3.03.0   added a Debug switch
2024-03-25T07:06:50.983866-0600 - __main__-   Progress -524- INFO    - Version 3.04.0  get host name and add it to the filename
2024-03-25T07:06:50.983913-0600 - __main__-   Progress -525- INFO    - Version 4.00.0  runs on python3 now
2024-03-25T07:06:50.983958-0600 - __main__-   Progress -526- INFO    - Version 5.00.0  automatically does plots and ships them to dropbox
2024-03-25T07:06:50.984005-0600 - __main__-   Progress -527- INFO    - Version 5.01.0  new dropbox configuration
2024-03-25T07:06:50.984051-0600 - __main__-   Progress -528- INFO    - Version 5.01.1  added lookup of ip address
2024-03-25T07:06:50.984099-0600 - __main__-   Progress -529- INFO    - Version 5.01.2  stop at 23:45 to 24:00, flush data and exit
2024-03-25T07:06:50.984144-0600 - __main__-   Progress -530- INFO    - Version 5.01.3  Create textfile with important values
2024-03-25T07:06:50.984194-0600 - __main__-   Progress -531- INFO    - Version 5.01.4  test of distro
2024-03-25T07:06:50.984242-0600 - __main__-   Progress -532- INFO    - Version 5.01.5  timestamp in log file
2024-03-25T07:06:50.984289-0600 - __main__-   Progress -533- INFO    - Version 5.01.6  added close_fds=True to popen
2024-03-25T07:06:50.984334-0600 - __main__-   Progress -534- INFO    - Version 5.01.7  added using timeout command
2024-03-25T07:06:50.984394-0600 - __main__-   Progress -535- INFO    - Version 5.01.8  better error message
2024-03-25T07:06:50.984442-0600 - __main__-   Progress -536- INFO    - Version 5.01.9  date and time output
2024-03-25T07:06:50.984488-0600 - __main__-   Progress -537- INFO    - Version 5.01.10  catching network problems
2024-03-25T07:06:50.984534-0600 - __main__-   Progress -538- INFO    - Version 5.01.11  force LC12 to connect to NMSURF, done in the arg parse section
2024-03-25T07:06:50.984580-0600 - __main__-   Progress -539- INFO    - Version 5.01.12  force LC24 to connect to NMSURF, done in the arg parse section
2024-03-25T07:06:50.984626-0600 - __main__-   Progress -540- INFO    - Version 6.00.01  now with latency measurement to currently cybermese
2024-03-25T07:06:50.984676-0600 - __main__-   Progress -541- INFO    - Version 6.00.02  minor change in PlotCalss do do the scaling on the single pdf files better
2024-03-25T07:06:50.984724-0600 - __main__-   Progress -542- INFO    - Version 7.00.01  major upgrade , replace speetetst with iperf
2024-03-25T07:06:50.984772-0600 - __main__-   Progress -543- INFO    - Version 7.01.02  added config file
2024-03-25T07:06:50.984817-0600 - __main__-   Progress -544- INFO    - Version 7.01.03  added Gordon wish for /etc location for config file
2024-03-25T07:06:50.984873-0600 - __main__-   Progress -545- INFO    - Version 7.01.04  Revamped command line and arparse section
2024-03-25T07:06:50.984919-0600 - __main__-   Progress -546- INFO    - Version 7.01.05  added a call to ntp server, start of syncing the speedboxes
2024-03-25T07:06:50.984969-0600 - __main__-   Progress -547- INFO    - Version 7.01.06  add a line to txt file to write runmode
2024-03-25T07:06:50.985018-0600 - __main__-   Progress -548- INFO    - Version 7.02.01  modfy code such that it now reads in a second file to determine what host is running what 
2024-03-25T07:06:50.985080-0600 - __main__-   Progress -549- INFO    - Version 8.01.01  Code which allow you to switch between speedtest and iperf either pretermined or random 
2024-03-25T07:06:50.985127-0600 - __main__-   Progress -550- INFO    - Version 8.01.02  replace server name with speedtest in output csv file 
2024-03-25T07:06:50.985181-0600 - __main__-   Progress -552- INFO    - Version 8.02.01  now better reflection on what is going on with iperf, and new more granular config file treatment 
2024-03-25T07:06:50.985228-0600 - __main__-   Progress -553- INFO    - Version 8.02.02  with Gordon time mods 
2024-03-25T07:06:50.985276-0600 - __main__-   Progress -554- INFO    - Version 8.02.03  added an try clause in create iperf output to catch connection problems
2024-03-25T07:06:50.985321-0600 - __main__-   Progress -555- INFO    - Version 9.00.01  new dropbox
2024-03-25T07:06:50.985374-0600 - __main__-   Progress -556- INFO    - Version 9.01.00  Version with logger
2024-03-25T07:06:50.985420-0600 - __main__-   Progress -557- INFO    - Version 9.01.01  choose new server according to list if problems
2024-03-25T07:06:50.985471-0600 - __main__-   Progress -558- INFO    - Version 9.02.01  cleanup logfiles and datadirectory
2024-03-25T07:06:50.985517-0600 - __main__-   Progress -559- INFO    - Version 9.02.02  changed to loguru
2024-03-25T07:06:50.985911-0600 - __main__-   CleanUp -322- INFO    - removing files in /Users/klein/git/speedtest/log/
2024-03-25T07:06:50.986963-0600 - __main__-   RemoveFiles -368- INFO    - removing: /Users/klein/git/speedtest/log/solv_2024-03-15info.log
2024-03-25T07:06:50.987587-0600 - __main__-   RemoveFiles -368- INFO    - removing: /Users/klein/git/speedtest/log/solv_2024-03-14info.log
2024-03-25T07:06:50.987857-0600 - __main__-   CleanUp -327- INFO    - removing files in /Users/klein/speedfiles/
2024-03-25T07:06:50.989318-0600 - __main__-   RemoveFiles -368- INFO    - removing: /Users/klein/speedfiles/solv_2024-03-08speedfile.txt
2024-03-25T07:06:50.990496-0600 - __main__-   RemoveFiles -368- INFO    - removing: /Users/klein/speedfiles/solv_2024-03-12speedfile.csv
2024-03-25T07:06:50.990971-0600 - __main__-   RemoveFiles -368- INFO    - removing: /Users/klein/speedfiles/solv_2024-03-15speedfile.csv
2024-03-25T07:06:50.991558-0600 - __main__-   RemoveFiles -368- INFO    - removing: /Users/klein/speedfiles/solv_2024-03-09speedfile.txt
2024-03-25T07:06:50.991966-0600 - __main__-   RemoveFiles -368- INFO    - removing: /Users/klein/speedfiles/solv_2024-03-14speedfile.csv
2024-03-25T07:06:50.992644-0600 - __main__-   RemoveFiles -368- INFO    - removing: /Users/klein/speedfiles/solv_2024-03-13speedfile.csv
2024-03-25T07:06:50.993138-0600 - __main__-   RemoveFiles -368- INFO    - removing: /Users/klein/speedfiles/solv_2024-03-08speedfile.pdf
2024-03-25T07:06:50.993482-0600 - __main__-   RemoveFiles -368- INFO    - removing: /Users/klein/speedfiles/solv_2024-03-09speedfile.pdf
2024-03-25T07:06:50.993627-0600 - __main__-   RemoveFiles -368- INFO    - removing: /Users/klein/speedfiles/solv_2024-03-08speedfile.csv
2024-03-25T07:06:50.993742-0600 - __main__-   RemoveFiles -368- INFO    - removing: /Users/klein/speedfiles/solv_2024-03-12speedfile.txt
2024-03-25T07:06:50.993873-0600 - __main__-   RemoveFiles -368- INFO    - removing: /Users/klein/speedfiles/solv_2024-03-09speedfile.csv
2024-03-25T07:06:50.994300-0600 - __main__-   RemoveFiles -368- INFO    - removing: /Users/klein/speedfiles/solv_2024-03-12speedfile.pdf
2024-03-25T07:06:50.995238-0600 - __main__-   ConnectDropBox -400- INFO    - new system
2024-03-25T07:06:50.996824-0600 - __main__-   ConnectDropBox -433- INFO    - self.dbx = <dropbox.dropbox_client.Dropbox object at 0x165a51f90>
2024-03-25T07:06:51.779214-0600 - __main__-   ConnectDropBox -444- INFO    - ***************************dropbox*******************



2024-03-25T07:06:51.779780-0600 - __main__-   ConnectDropBox -446- INFO    - Tech Group LCWA
2024-03-25T07:06:51.779924-0600 - __main__-   ConnectDropBox -448- INFO    - tech.admin@lcwireless.net


2024-03-25T07:06:51.780045-0600 - __main__-   ConnectDropBox -449- INFO    - ***************************dropbox*******************

2024-03-25T07:06:51.780296-0600 - __main__-   ConnectDropBox -400- INFO    - new system
2024-03-25T07:06:51.783776-0600 - __main__-   ConnectDropBox -433- INFO    - self.dbx = <dropbox.dropbox_client.Dropbox object at 0x165a52090>
2024-03-25T07:06:52.540644-0600 - __main__-   ConnectDropBox -444- INFO    - ***************************dropbox*******************



2024-03-25T07:06:52.541124-0600 - __main__-   ConnectDropBox -446- INFO    - Tech Group LCWA
2024-03-25T07:06:52.541281-0600 - __main__-   ConnectDropBox -448- INFO    - tech.admin@lcwireless.net


2024-03-25T07:06:52.541399-0600 - __main__-   ConnectDropBox -449- INFO    - ***************************dropbox*******************

2024-03-25T07:06:52.541711-0600 - __main__-   GetArguments -789- INFO    - Speedtest command     == ['/usr/local/bin/speedtest', '--progress=no', '-f', 'csv', '-s', '1773', '--format=json-pretty']
2024-03-25T07:06:52.541909-0600 - __main__-   QueueStartupWaitTime -123- INFO    - Jumping startup wait queue..
2024-03-25T07:06:52.542178-0600 - __main__-   SetDropDir -1533- INFO    - /LCWA/ROTW/
